[debug] [2025-04-06T20:17:20.786Z] ----------------------------------------------------------------------
[debug] [2025-04-06T20:17:20.790Z] Command:       /usr/local/bin/firebase /Users/fongto/.cache/firebase/tools/lib/node_modules/firebase-tools/lib/bin/firebase projects:list
[debug] [2025-04-06T20:17:20.791Z] CLI Version:   14.1.0
[debug] [2025-04-06T20:17:20.791Z] Platform:      darwin
[debug] [2025-04-06T20:17:20.791Z] Node Version:  v20.18.2
[debug] [2025-04-06T20:17:20.792Z] Time:          Sun Apr 06 2025 22:17:20 GMT+0200 (Central European Summer Time)
[debug] [2025-04-06T20:17:20.792Z] ----------------------------------------------------------------------
[debug] 
[debug] [2025-04-06T20:17:20.796Z] >>> [apiv2][query] GET https://firebase-public.firebaseio.com/cli.json [none]
[debug] [2025-04-06T20:17:20.854Z] > command requires scopes: ["email","openid","https://www.googleapis.com/auth/cloudplatformprojects.readonly","https://www.googleapis.com/auth/firebase","https://www.googleapis.com/auth/cloud-platform"]
[debug] [2025-04-06T20:17:20.856Z] > authorizing via signed-in user (fongqto@gmail.com)
[debug] [2025-04-06T20:17:20.860Z] Checked if tokens are valid: false, expires at: 1713029649313
[debug] [2025-04-06T20:17:20.861Z] Checked if tokens are valid: false, expires at: 1713029649313
[debug] [2025-04-06T20:17:20.861Z] > refreshing access token with scopes: []
[debug] [2025-04-06T20:17:20.862Z] >>> [apiv2][query] POST https://www.googleapis.com/oauth2/v3/token [none]
[debug] [2025-04-06T20:17:20.862Z] >>> [apiv2][body] POST https://www.googleapis.com/oauth2/v3/token [omitted]
[debug] [2025-04-06T20:17:21.042Z] <<< [apiv2][status] POST https://www.googleapis.com/oauth2/v3/token 400
[debug] [2025-04-06T20:17:21.042Z] <<< [apiv2][body] POST https://www.googleapis.com/oauth2/v3/token [omitted]
[debug] [2025-04-06T20:17:21.043Z] >>> [apiv2][query] GET https://firebase.googleapis.com/v1beta1/projects pageSize=1000
[debug] [2025-04-06T20:17:21.184Z] <<< [apiv2][status] GET https://firebase.googleapis.com/v1beta1/projects 401
[debug] [2025-04-06T20:17:21.185Z] <<< [apiv2][body] GET https://firebase.googleapis.com/v1beta1/projects [omitted]
[debug] [2025-04-06T20:17:21.185Z] Got a 401 Unauthenticated error for a call that required authentication. Refreshing tokens.
[debug] [2025-04-06T20:17:21.185Z] Checked if tokens are valid: false, expires at: 1713029649313
[debug] [2025-04-06T20:17:21.185Z] Checked if tokens are valid: false, expires at: 1713029649313
[debug] [2025-04-06T20:17:21.185Z] > refreshing access token with scopes: []
[debug] [2025-04-06T20:17:21.187Z] >>> [apiv2][query] POST https://www.googleapis.com/oauth2/v3/token [none]
[debug] [2025-04-06T20:17:21.187Z] >>> [apiv2][body] POST https://www.googleapis.com/oauth2/v3/token [omitted]
[debug] [2025-04-06T20:17:21.233Z] <<< [apiv2][status] POST https://www.googleapis.com/oauth2/v3/token 400
[debug] [2025-04-06T20:17:21.233Z] <<< [apiv2][body] POST https://www.googleapis.com/oauth2/v3/token [omitted]
[debug] [2025-04-06T20:17:21.236Z] Request to https://firebase.googleapis.com/v1beta1/projects?pageSize=1000 had HTTP Error: 401, Request had invalid authentication credentials. Expected OAuth 2 access token, login cookie or other valid authentication credential. See https://developers.google.com/identity/sign-in/web/devconsole-project.
[debug] [2025-04-06T20:17:21.250Z] <<< [apiv2][status] GET https://firebase-public.firebaseio.com/cli.json 200
[debug] [2025-04-06T20:17:21.250Z] <<< [apiv2][body] GET https://firebase-public.firebaseio.com/cli.json {"cloudBuildErrorAfter":1594252800000,"cloudBuildWarnAfter":1590019200000,"defaultNode10After":1594252800000,"minVersion":"3.0.5","node8DeploysDisabledAfter":1613390400000,"node8RuntimeDisabledAfter":1615809600000,"node8WarnAfter":1600128000000}
[debug] [2025-04-06T20:17:21.335Z] FirebaseError: Request to https://firebase.googleapis.com/v1beta1/projects?pageSize=1000 had HTTP Error: 401, Request had invalid authentication credentials. Expected OAuth 2 access token, login cookie or other valid authentication credential. See https://developers.google.com/identity/sign-in/web/devconsole-project.
    at responseToError (/Users/fongto/.cache/firebase/tools/lib/node_modules/firebase-tools/lib/responseToError.js:52:12)
    at RetryOperation._fn (/Users/fongto/.cache/firebase/tools/lib/node_modules/firebase-tools/lib/apiv2.js:312:77)
    at process.processTicksAndRejections (node:internal/process/task_queues:95:5)
[error] 
[error] Error: Failed to list Firebase projects. See firebase-debug.log for more info.
[debug] [2025-04-06T20:17:30.742Z] ----------------------------------------------------------------------
[debug] [2025-04-06T20:17:30.747Z] Command:       /usr/local/bin/firebase /Users/fongto/.cache/firebase/tools/lib/node_modules/firebase-tools/lib/bin/firebase projects:list
[debug] [2025-04-06T20:17:30.747Z] CLI Version:   14.1.0
[debug] [2025-04-06T20:17:30.748Z] Platform:      darwin
[debug] [2025-04-06T20:17:30.748Z] Node Version:  v20.18.2
[debug] [2025-04-06T20:17:30.748Z] Time:          Sun Apr 06 2025 22:17:30 GMT+0200 (Central European Summer Time)
[debug] [2025-04-06T20:17:30.749Z] ----------------------------------------------------------------------
[debug] 
[debug] [2025-04-06T20:17:30.757Z] > command requires scopes: ["email","openid","https://www.googleapis.com/auth/cloudplatformprojects.readonly","https://www.googleapis.com/auth/firebase","https://www.googleapis.com/auth/cloud-platform"]
[debug] [2025-04-06T20:17:30.758Z] > authorizing via signed-in user (fongqto@gmail.com)
[debug] [2025-04-06T20:17:30.766Z] Checked if tokens are valid: false, expires at: 1713029649313
[debug] [2025-04-06T20:17:30.767Z] Checked if tokens are valid: false, expires at: 1713029649313
[debug] [2025-04-06T20:17:30.767Z] > refreshing access token with scopes: []
[debug] [2025-04-06T20:17:30.769Z] >>> [apiv2][query] POST https://www.googleapis.com/oauth2/v3/token [none]
[debug] [2025-04-06T20:17:30.769Z] >>> [apiv2][body] POST https://www.googleapis.com/oauth2/v3/token [omitted]
[debug] [2025-04-06T20:17:31.006Z] <<< [apiv2][status] POST https://www.googleapis.com/oauth2/v3/token 400
[debug] [2025-04-06T20:17:31.007Z] <<< [apiv2][body] POST https://www.googleapis.com/oauth2/v3/token [omitted]
[debug] [2025-04-06T20:17:31.008Z] >>> [apiv2][query] GET https://firebase.googleapis.com/v1beta1/projects pageSize=1000
[debug] [2025-04-06T20:17:31.097Z] <<< [apiv2][status] GET https://firebase.googleapis.com/v1beta1/projects 401
[debug] [2025-04-06T20:17:31.098Z] <<< [apiv2][body] GET https://firebase.googleapis.com/v1beta1/projects [omitted]
[debug] [2025-04-06T20:17:31.098Z] Got a 401 Unauthenticated error for a call that required authentication. Refreshing tokens.
[debug] [2025-04-06T20:17:31.098Z] Checked if tokens are valid: false, expires at: 1713029649313
[debug] [2025-04-06T20:17:31.098Z] Checked if tokens are valid: false, expires at: 1713029649313
[debug] [2025-04-06T20:17:31.098Z] > refreshing access token with scopes: []
[debug] [2025-04-06T20:17:31.099Z] >>> [apiv2][query] POST https://www.googleapis.com/oauth2/v3/token [none]
[debug] [2025-04-06T20:17:31.099Z] >>> [apiv2][body] POST https://www.googleapis.com/oauth2/v3/token [omitted]
[debug] [2025-04-06T20:17:31.142Z] <<< [apiv2][status] POST https://www.googleapis.com/oauth2/v3/token 400
[debug] [2025-04-06T20:17:31.143Z] <<< [apiv2][body] POST https://www.googleapis.com/oauth2/v3/token [omitted]
[debug] [2025-04-06T20:17:31.144Z] Request to https://firebase.googleapis.com/v1beta1/projects?pageSize=1000 had HTTP Error: 401, Request had invalid authentication credentials. Expected OAuth 2 access token, login cookie or other valid authentication credential. See https://developers.google.com/identity/sign-in/web/devconsole-project.
[debug] [2025-04-06T20:17:31.228Z] FirebaseError: Request to https://firebase.googleapis.com/v1beta1/projects?pageSize=1000 had HTTP Error: 401, Request had invalid authentication credentials. Expected OAuth 2 access token, login cookie or other valid authentication credential. See https://developers.google.com/identity/sign-in/web/devconsole-project.
    at responseToError (/Users/fongto/.cache/firebase/tools/lib/node_modules/firebase-tools/lib/responseToError.js:52:12)
    at RetryOperation._fn (/Users/fongto/.cache/firebase/tools/lib/node_modules/firebase-tools/lib/apiv2.js:312:77)
    at process.processTicksAndRejections (node:internal/process/task_queues:95:5)
[error] 
[error] Error: Failed to list Firebase projects. See firebase-debug.log for more info.
